<?xml version="1.0" encoding="utf-8"?><testsuites name="pytest tests"><testsuite name="pytest" errors="0" failures="0" skipped="0" tests="12" time="2.687" timestamp="2026-03-15T08:40:43.292446+00:00" hostname="agent-env-e2c54557-2fda-4bae-a7d7-39eb8a85bd77"><testcase classname="tests.test_api.TestHealthEndpoints" name="test_root_endpoint" time="0.204" /><testcase classname="tests.test_api.TestAuthentication" name="test_login_success" time="0.403" /><testcase classname="tests.test_api.TestAuthentication" name="test_login_invalid_credentials" time="0.135" /><testcase classname="tests.test_api.TestAuthentication" name="test_verify_token" time="0.458" /><testcase classname="tests.test_api.TestAuthentication" name="test_get_current_user" time="0.418" /><testcase classname="tests.test_api.TestProjects" name="test_get_available_models" time="0.137" /><testcase classname="tests.test_api.TestProjects" name="test_get_projects_list" time="0.128" /><testcase classname="tests.test_api.TestWebScraper" name="test_scraper_test_endpoint" time="0.180" /><testcase classname="tests.test_api.TestWebScraper" name="test_scrape_single_url" time="0.155" /><testcase classname="tests.test_api.TestVoiceCommands" name="test_get_voice_commands" time="0.137" /><testcase classname="tests.test_api.TestVoiceCommands" name="test_process_voice_command" time="0.141" /><testcase classname="tests.test_api.TestProjectCreation" name="test_create_project_missing_fields" time="0.100" /></testsuite></testsuites>